Arguments: 
  /home/tmurakami/.volta/tools/image/node/12.22.7/bin/node /home/tmurakami/.volta/tools/image/yarn/1.22.17/bin/yarn.js init

PATH: 
  /home/tmurakami/.volta/tools/image/yarn/1.22.17/bin:/home/tmurakami/.volta/tools/image/node/12.22.7/bin:/home/tmurakami/.volta/bin:/home/tmurakami/.volta/bin:/usr/local/bin:/usr/local/sbin:/usr/sbin:/usr/bin:/sbin:/bin:/usr/games:/usr/local/games:/usr/lib/wsl/lib:/mnt/c/WINDOWS/system32:/mnt/c/WINDOWS:/mnt/c/WINDOWS/System32/Wbem:/mnt/c/WINDOWS/System32/WindowsPowerShell/v1.0/:/mnt/c/WINDOWS/System32/OpenSSH/:/mnt/c/Program Files/Docker/Docker/resources/bin:/mnt/c/ProgramData/DockerDesktop/version-bin:/mnt/c/Program Files (x86)/Common Files/Sony Shared/FeliCaLibrary:/mnt/c/Program Files/Common Files/Sony Shared/FeliCaLibrary:/mnt/c/Users/tmura/AppData/Local/Microsoft/WindowsApps:/mnt/c/Users/tmura/AppData/Local/Programs/Microsoft VS Code/bin

Yarn version: 
  1.22.17

Node version: 
  12.22.7

Platform: 
  linux x64

Trace: 
  Error: canceled
      at Interface.<anonymous> (/home/tmurakami/.volta/tools/image/yarn/1.22.17/lib/cli.js:137143:13)
      at Interface.emit (events.js:314:20)
      at Interface._ttyWrite (readline.js:868:16)
      at ReadStream.onkeypress (readline.js:205:10)
      at ReadStream.emit (events.js:314:20)
      at emitKeys (internal/readline/utils.js:335:14)
      at emitKeys.next (<anonymous>)
      at ReadStream.onData (readline.js:1137:36)
      at ReadStream.emit (events.js:314:20)
      at addChunk (_stream_readable.js:297:12)

npm manifest: 
  No manifest

yarn manifest: 
  No manifest

Lockfile: 
  No lockfile
